build/app/outputs/mapping/release/mapping.txt
# compiler: R8
# compiler_version: 1.5.64
# min_api: 19
# pg_map_id: 3e178b3
...
com.google.android.gms.measurement.internal.zzjf -> com.google.android.gms.measurement.internal.l8:
    com.google.android.gms.internal.measurement.zzn zzd -> d
    java.lang.String zza -> a
    com.google.android.gms.measurement.internal.zzis zze -> e
    java.lang.String zzb -> b
    com.google.android.gms.measurement.internal.zzm zzc -> c
com.google.android.gms.measurement.internal.zzjg -> com.google.android.gms.measurement.internal.m8:
    java.util.concurrent.atomic.AtomicReference zza -> a
    java.lang.String zzc -> c
    com.google.android.gms.measurement.internal.zzm zze -> e
    java.lang.String zzb -> b
    com.google.android.gms.measurement.internal.zzis zzf -> f
    java.lang.String zzd -> d
com.google.android.gms.measurement.internal.zzjh -> com.google.android.gms.measurement.internal.n8:
    com.google.android.gms.internal.measurement.zzn zze -> e
    java.lang.String zza -> a
    java.lang.String zzb -> b
    com.google.android.gms.measurement.internal.zzis zzf -> f
    boolean zzc -> c
    com.google.android.gms.measurement.internal.zzm zzd -> d
com.google.android.gms.measurement.internal.zzji -> com.google.android.gms.measurement.internal.o8:
    boolean zze -> e
    java.util.concurrent.atomic.AtomicReference zza -> a
    java.lang.String zzc -> c
    com.google.android.gms.measurement.internal.zzis zzg -> g
    java.lang.String zzb -> b
    com.google.android.gms.measurement.internal.zzm zzf -> f
    java.lang.String zzd -> d
com.google.android.gms.measurement.internal.zzjj -> com.google.android.gms.measurement.internal.p8:
    com.google.android.gms.measurement.internal.zzjk zzb -> b
    com.google.android.gms.measurement.internal.zzet zza -> a
com.google.android.gms.measurement.internal.zzjk -> com.google.android.gms.measurement.internal.q8:
    com.google.android.gms.measurement.internal.zzfc zzc -> b
    com.google.android.gms.measurement.internal.zzis zza -> c
    boolean zzb -> a
    void onConnectionFailed(com.google.android.gms.common.ConnectionResult) -> a
    void zza() -> a
    void zza(android.content.Intent) -> a
    boolean zza(com.google.android.gms.measurement.internal.zzjk,boolean) -> a
    void onConnected(android.os.Bundle) -> b
    void onConnectionSuspended(int) -> b
    void zzb() -> b
com.google.android.gms.measurement.internal.zzjl -> com.google.android.gms.measurement.internal.r8:
    com.google.android.gms.measurement.internal.zzjk zzb -> b
    com.google.android.gms.measurement.internal.zzet zza -> a
com.google.android.gms.measurement.internal.zzjm -> com.google.android.gms.measurement.internal.s8:
    com.google.android.gms.measurement.internal.zzjk zzb -> b
    android.content.ComponentName zza -> a
com.google.android.gms.measurement.internal.zzjn -> com.google.android.gms.measurement.internal.t8:
    com.google.android.gms.measurement.internal.zzjk zza -> a
com.google.android.gms.measurement.internal.zzjo -> com.google.android.gms.measurement.internal.u8:
    com.google.android.gms.measurement.internal.zzjk zza -> a
com.google.android.gms.measurement.internal.zzjp -> com.google.android.gms.measurement.internal.v8:
    com.google.android.gms.measurement.internal.zzfb zzc -> c
    android.content.Intent zzd -> d
    com.google.android.gms.measurement.internal.zzjq zza -> a
    int zzb -> b